{
  "RSpec": {
    "coverage": {
      "/Users/janegreene/turing/2module/projects/adopt_dont_shop_paired/config/environment.rb": [
        null,
        1,
        null,
        null,
        1
      ],
      "/Users/janegreene/turing/2module/projects/adopt_dont_shop_paired/config/application.rb": [
        1,
        null,
        1,
        null,
        1,
        1,
        1,
        1,
        1,
        1,
        1,
        1,
        null,
        null,
        null,
        null,
        1,
        null,
        1,
        1,
        null,
        1,
        null,
        null,
        null,
        null,
        null,
        null,
        1,
        null,
        null
      ],
      "/Users/janegreene/turing/2module/projects/adopt_dont_shop_paired/config/boot.rb": [
        1,
        null,
        1
      ],
      "/Users/janegreene/turing/2module/projects/adopt_dont_shop_paired/config/environments/test.rb": [
        1,
        null,
        null,
        null,
        null,
        null,
        null,
        1,
        null,
        null,
        null,
        null,
        1,
        null,
        null,
        1,
        1,
        null,
        null,
        null,
        null,
        1,
        1,
        null,
        null,
        1,
        null,
        null,
        1,
        1,
        null,
        null,
        null,
        null,
        1,
        null,
        null,
        1,
        null,
        null,
        null,
        null
      ],
      "/Users/janegreene/turing/2module/projects/adopt_dont_shop_paired/config/initializers/application_controller_renderer.rb": [
        null,
        null,
        null,
        null,
        null,
        null,
        null,
        null
      ],
      "/Users/janegreene/turing/2module/projects/adopt_dont_shop_paired/config/initializers/assets.rb": [
        null,
        null,
        null,
        1,
        null,
        null,
        null,
        null,
        1,
        null,
        null,
        null,
        null,
        null
      ],
      "/Users/janegreene/turing/2module/projects/adopt_dont_shop_paired/config/initializers/backtrace_silencers.rb": [
        null,
        null,
        null,
        null,
        null,
        null,
        null
      ],
      "/Users/janegreene/turing/2module/projects/adopt_dont_shop_paired/config/initializers/cookies_serializer.rb": [
        null,
        null,
        null,
        null,
        1
      ],
      "/Users/janegreene/turing/2module/projects/adopt_dont_shop_paired/config/initializers/filter_parameter_logging.rb": [
        null,
        null,
        null,
        1
      ],
      "/Users/janegreene/turing/2module/projects/adopt_dont_shop_paired/config/initializers/inflections.rb": [
        null,
        null,
        null,
        null,
        null,
        null,
        null,
        null,
        null,
        null,
        null,
        null,
        null,
        null,
        null,
        null
      ],
      "/Users/janegreene/turing/2module/projects/adopt_dont_shop_paired/config/initializers/mime_types.rb": [
        null,
        null,
        null,
        null
      ],
      "/Users/janegreene/turing/2module/projects/adopt_dont_shop_paired/config/initializers/wrap_parameters.rb": [
        null,
        null,
        null,
        null,
        null,
        null,
        1,
        2,
        null,
        null,
        null,
        null,
        null,
        null
      ],
      "/Users/janegreene/turing/2module/projects/adopt_dont_shop_paired/config/routes.rb": [
        1,
        1,
        1,
        1,
        1,
        1,
        1,
        1,
        null,
        1,
        1,
        1,
        1,
        1,
        null,
        1,
        1,
        1,
        1,
        1,
        null,
        1,
        null,
        null,
        null,
        1,
        1,
        1,
        null
      ],
      "/Users/janegreene/turing/2module/projects/adopt_dont_shop_paired/app/helpers/application_helper.rb": [
        1,
        null
      ],
      "/Users/janegreene/turing/2module/projects/adopt_dont_shop_paired/spec/features/pets/user_can_delete_a_pet_spec.rb": [
        1,
        null,
        1,
        1,
        1,
        1,
        null,
        null,
        null,
        null,
        null,
        1,
        null,
        null,
        null,
        null,
        null,
        null,
        1,
        null,
        null,
        null,
        null,
        null,
        1,
        null,
        1,
        null,
        1,
        1,
        1,
        1,
        1,
        null,
        null,
        null
      ],
      "/Users/janegreene/turing/2module/projects/adopt_dont_shop_paired/spec/features/pets/user_can_see_all_pets_spec.rb": [
        1,
        null,
        1,
        1,
        1,
        1,
        null,
        null,
        null,
        null,
        null,
        1,
        null,
        null,
        null,
        null,
        null,
        1,
        null,
        null,
        null,
        null,
        null,
        null,
        1,
        null,
        null,
        null,
        null,
        null,
        null,
        1,
        null,
        null,
        null,
        null,
        null,
        null,
        1,
        null,
        1,
        1,
        1,
        1,
        null,
        null,
        null
      ],
      "/Users/janegreene/turing/2module/projects/adopt_dont_shop_paired/spec/features/pets/user_can_see_one_pet_spec.rb": [
        1,
        null,
        1,
        1,
        1,
        null,
        null,
        null,
        null,
        null,
        1,
        null,
        null,
        null,
        null,
        null,
        null,
        null,
        1,
        null,
        1,
        1,
        1,
        1,
        null,
        null,
        1,
        1,
        null,
        null,
        null,
        null,
        null,
        1,
        null,
        null,
        null,
        null,
        null,
        null,
        null,
        1,
        1,
        null,
        1,
        1,
        null,
        null,
        null
      ],
      "/Users/janegreene/turing/2module/projects/adopt_dont_shop_paired/spec/features/pets/user_can_update_a_pet_spec.rb": [
        1,
        null,
        1,
        1,
        1,
        1,
        null,
        null,
        null,
        null,
        null,
        1,
        null,
        null,
        null,
        null,
        null,
        null,
        null,
        1,
        null,
        1,
        null,
        1,
        null,
        1,
        1,
        1,
        1,
        1,
        null,
        1,
        null,
        1,
        null,
        1,
        1,
        1,
        null,
        null
      ],
      "/Users/janegreene/turing/2module/projects/adopt_dont_shop_paired/spec/features/reviews/index_spec.rb": [
        1,
        null,
        1,
        1,
        1,
        null,
        null,
        null,
        null,
        1,
        null,
        1,
        1,
        null,
        1,
        1,
        1,
        1,
        null,
        1,
        1,
        1,
        1,
        1,
        1,
        1,
        null,
        null,
        1,
        1,
        null,
        null,
        null,
        null,
        1,
        null,
        null,
        null,
        null,
        null,
        1,
        null,
        1,
        1,
        null,
        1,
        1,
        null,
        1,
        null,
        1,
        1,
        1,
        1,
        1,
        null,
        null,
        1,
        1,
        null,
        null,
        null,
        null,
        1,
        null,
        null,
        null,
        null,
        null,
        1,
        null,
        1,
        1,
        null,
        1,
        null,
        1,
        null,
        1,
        1,
        null,
        null,
        1,
        1,
        null,
        null,
        null,
        null,
        1,
        null,
        null,
        null,
        null,
        null,
        1,
        null,
        1,
        null,
        1,
        1,
        1,
        1,
        null,
        null,
        null,
        null
      ],
      "/Users/janegreene/turing/2module/projects/adopt_dont_shop_paired/spec/features/shelter_pets/user_can_create_shelter_pet_spec.rb": [
        1,
        null,
        1,
        1,
        1,
        1,
        null,
        null,
        null,
        null,
        null,
        1,
        null,
        1,
        null,
        1,
        null,
        1,
        1,
        1,
        1,
        1,
        null,
        null,
        1,
        null,
        1,
        1,
        1,
        1,
        1,
        null,
        null
      ],
      "/Users/janegreene/turing/2module/projects/adopt_dont_shop_paired/spec/features/shelter_pets/user_can_see_all_pets_from_one_shelter_spec.rb": [
        1,
        null,
        1,
        1,
        1,
        1,
        null,
        null,
        null,
        null,
        null,
        1,
        null,
        null,
        null,
        null,
        null,
        1,
        null,
        null,
        null,
        null,
        null,
        null,
        1,
        null,
        null,
        1,
        1,
        1,
        null,
        null,
        1,
        1,
        1,
        null,
        null,
        null
      ],
      "/Users/janegreene/turing/2module/projects/adopt_dont_shop_paired/spec/features/shelters/user_can_create_new_shelter_spec.rb": [
        1,
        null,
        1,
        1,
        1,
        1,
        null,
        null,
        null,
        null,
        null,
        1,
        null,
        null,
        null,
        null,
        null,
        1,
        null,
        1,
        null,
        1,
        1,
        1,
        1,
        1,
        null,
        1,
        1,
        null,
        null
      ],
      "/Users/janegreene/turing/2module/projects/adopt_dont_shop_paired/spec/features/shelters/user_can_delete_a_shelter_spec.rb": [
        1,
        null,
        1,
        1,
        1,
        1,
        null,
        null,
        null,
        null,
        1,
        null,
        null,
        null,
        null,
        null,
        1,
        null,
        1,
        null,
        1,
        null,
        null,
        null
      ],
      "/Users/janegreene/turing/2module/projects/adopt_dont_shop_paired/spec/features/shelters/user_can_see_all_shelter_names_spec.rb": [
        1,
        null,
        1,
        1,
        1,
        null,
        null,
        null,
        null,
        null,
        1,
        null,
        null,
        null,
        null,
        1,
        null,
        1,
        1,
        null,
        null
      ],
      "/Users/janegreene/turing/2module/projects/adopt_dont_shop_paired/spec/features/shelters/user_can_see_one_shelter_spec.rb": [
        1,
        null,
        1,
        1,
        1,
        null,
        null,
        null,
        null,
        null,
        1,
        null,
        1,
        null,
        null,
        1,
        1,
        1,
        1,
        1,
        null,
        null
      ],
      "/Users/janegreene/turing/2module/projects/adopt_dont_shop_paired/spec/features/shelters/user_can_update_a_shelter_spec.rb": [
        1,
        null,
        1,
        1,
        1,
        1,
        null,
        null,
        null,
        null,
        null,
        1,
        null,
        1,
        null,
        1,
        1,
        1,
        1,
        1,
        null,
        1,
        null,
        1,
        1,
        1,
        1,
        1,
        null,
        null
      ],
      "/Users/janegreene/turing/2module/projects/adopt_dont_shop_paired/spec/models/favorite_spec.rb": [
        1,
        null,
        1,
        null,
        1,
        1,
        1,
        null,
        null,
        null,
        null,
        1,
        null,
        null,
        null,
        1,
        1,
        1,
        null,
        null,
        null,
        null,
        null,
        1,
        null,
        null,
        null,
        null,
        null,
        null,
        null,
        1,
        null,
        null,
        null,
        null,
        null,
        null,
        null,
        1,
        null,
        null,
        null,
        null,
        null,
        null,
        null,
        1,
        null,
        null,
        null,
        1,
        null,
        1,
        null,
        null,
        null
      ],
      "/Users/janegreene/turing/2module/projects/adopt_dont_shop_paired/app/models/favorite.rb": [
        1,
        1,
        null,
        1,
        52,
        null,
        null,
        1,
        46,
        null,
        null,
        1,
        6,
        null,
        null,
        1,
        11,
        null,
        null
      ],
      "/Users/janegreene/turing/2module/projects/adopt_dont_shop_paired/spec/models/pet_spec.rb": [
        1,
        null,
        1,
        1,
        2,
        null,
        null,
        1,
        2,
        null,
        null
      ],
      "/Users/janegreene/turing/2module/projects/adopt_dont_shop_paired/app/models/pet.rb": [
        1,
        1,
        1,
        null
      ],
      "/Users/janegreene/turing/2module/projects/adopt_dont_shop_paired/app/models/application_record.rb": [
        1,
        1,
        null
      ],
      "/Users/janegreene/turing/2module/projects/adopt_dont_shop_paired/spec/models/review_spec.rb": [
        1,
        null,
        1,
        1,
        2,
        2,
        2,
        null,
        null,
        null,
        1,
        2,
        null,
        null
      ],
      "/Users/janegreene/turing/2module/projects/adopt_dont_shop_paired/app/models/review.rb": [
        1,
        1,
        1,
        null
      ],
      "/Users/janegreene/turing/2module/projects/adopt_dont_shop_paired/spec/models/shelter_spec.rb": [
        1,
        null,
        1,
        1,
        2,
        null,
        null,
        1,
        2,
        2,
        null,
        null,
        null
      ],
      "/Users/janegreene/turing/2module/projects/adopt_dont_shop_paired/app/models/shelter.rb": [
        1,
        1,
        1,
        1,
        null
      ],
      "/Users/janegreene/turing/2module/projects/adopt_dont_shop_paired/app/controllers/pets_controller.rb": [
        1,
        1,
        3,
        null,
        null,
        1,
        15,
        null,
        null,
        1,
        1,
        null,
        null,
        1,
        1,
        1,
        1,
        null,
        1,
        null,
        null,
        1,
        1,
        null,
        null,
        1,
        1,
        1,
        null,
        1,
        null,
        null,
        1,
        1,
        1,
        null,
        null,
        1,
        null,
        1,
        2,
        null,
        null
      ],
      "/Users/janegreene/turing/2module/projects/adopt_dont_shop_paired/app/controllers/application_controller.rb": [
        1,
        1,
        null,
        1,
        null,
        1,
        60,
        null,
        null
      ],
      "/Users/janegreene/turing/2module/projects/adopt_dont_shop_paired/app/controllers/favorite_controller.rb": [
        1,
        1,
        5,
        5,
        5,
        5,
        null,
        5,
        5,
        null,
        null,
        null,
        null
      ],
      "/Users/janegreene/turing/2module/projects/adopt_dont_shop_paired/app/controllers/shelters_controller.rb": [
        1,
        1,
        5,
        null,
        null,
        1,
        11,
        null,
        null,
        1,
        null,
        null,
        1,
        1,
        1,
        null,
        null,
        1,
        1,
        null,
        null,
        1,
        1,
        1,
        null,
        1,
        null,
        null,
        1,
        1,
        1,
        null,
        null,
        1,
        null,
        1,
        2,
        null,
        null
      ],
      "/Users/janegreene/turing/2module/projects/adopt_dont_shop_paired/app/controllers/reviews_controller.rb": [
        1,
        1,
        1,
        null,
        null,
        1,
        1,
        1,
        1,
        1,
        null,
        0,
        0,
        null,
        null,
        null,
        1,
        3,
        null,
        null,
        1,
        2,
        2,
        2,
        1,
        null,
        1,
        1,
        null,
        null,
        null,
        1,
        1,
        1,
        1,
        null,
        null,
        1,
        1,
        3,
        null,
        null
      ],
      "/Users/janegreene/turing/2module/projects/adopt_dont_shop_paired/app/controllers/shelter_pets_controller.rb": [
        1,
        1,
        3,
        3,
        null,
        null
      ]
    },
    "timestamp": 1589419757
  }
}
